<?xml version="1.0" encoding="UTF-8"?>
<TestRun id="cd4c54a4-4b64-4e9e-91f8-aea4745d36f5" name="koshin@KOSHIN-PC 2011-12-14 13:23:16" runUser="CLICKPOINT\koshin" xmlns="http://microsoft.com/schemas/VisualStudio/TeamTest/2010">
  <TestSettings name="Local" id="3d0e2f26-fb90-45a1-afb1-08fffadd452d">
    <Description>These are default test settings for a local test run.</Description>
    <Deployment enabled="false" runDeploymentRoot="koshin_KOSHIN-PC 2011-12-14 13_23_16" />
    <Execution>
      <TestTypeSpecific />
      <AgentRule name="Execution Agents">
      </AgentRule>
    </Execution>
  </TestSettings>
  <Times creation="2011-12-14T13:23:16.5244572-07:00" queuing="2011-12-14T13:23:17.3029073-07:00" start="2011-12-14T13:23:17.8451586-07:00" finish="2011-12-14T13:23:40.1384023-07:00" />
  <ResultSummary outcome="Failed">
    <Counters total="1" executed="1" error="0" failed="1" timeout="0" aborted="0" inconclusive="0" passedButRunAborted="0" notRunnable="0" notExecuted="0" disconnected="0" warning="0" passed="0" completed="0" inProgress="0" pending="0" />
  </ResultSummary>
  <TestDefinitions>
    <UnitTest name="CreateOptionsMacroTest" storage="c:\dev\codespace\codegeneration\clickpointauto.test\bin\debug\clickpointauto.test.dll" id="96bddcd4-3519-3441-e5e0-8b3089333c85">
      <Execution timeOut="1800000" id="c8607e0a-be04-4445-985a-f8d0d4018d6b" />
      <TestMethod codeBase="C:/Dev/CodeSpace/CodeGeneration/ClickpointAuto.Test/bin/Debug/ClickpointAuto.Test.DLL" adapterTypeName="Microsoft.VisualStudio.TestTools.TestTypes.Unit.UnitTestAdapter, Microsoft.VisualStudio.QualityTools.Tips.UnitTest.Adapter, Version=10.0.0.0, Culture=neutral, PublicKeyToken=b03f5f7f11d50a3a" className="ClickpointAuto.Test.GenerateOptionsMacroFactoryTest, ClickpointAuto.Test, Version=1.0.0.0, Culture=neutral, PublicKeyToken=null" name="CreateOptionsMacroTest" />
    </UnitTest>
  </TestDefinitions>
  <TestLists>
    <TestList name="Results Not in a List" id="8c84fa94-04c1-424b-9868-57a2d4851a1d" />
    <TestList name="All Loaded Results" id="19431567-8539-422a-85d7-44ee4e166bda" />
  </TestLists>
  <TestEntries>
    <TestEntry testId="96bddcd4-3519-3441-e5e0-8b3089333c85" executionId="c8607e0a-be04-4445-985a-f8d0d4018d6b" testListId="8c84fa94-04c1-424b-9868-57a2d4851a1d" />
  </TestEntries>
  <Results>
    <UnitTestResult executionId="c8607e0a-be04-4445-985a-f8d0d4018d6b" testId="96bddcd4-3519-3441-e5e0-8b3089333c85" testName="CreateOptionsMacroTest" computerName="KOSHIN-PC" duration="00:00:21.9135976" startTime="2011-12-14T13:23:17.9387592-07:00" endTime="2011-12-14T13:23:39.9890005-07:00" testType="13cdc9d9-ddb5-4fa4-a97d-d965ccfc6d4b" outcome="Failed" testListId="8c84fa94-04c1-424b-9868-57a2d4851a1d" relativeResultsDirectory="c8607e0a-be04-4445-985a-f8d0d4018d6b">
      <Output>
        <ErrorInfo>
          <Message>Test method ClickpointAuto.Test.GenerateOptionsMacroFactoryTest.CreateOptionsMacroTest threw exception: 
System.BadImageFormatException: Could not load file or assembly '0 bytes loaded from ClickpointAuto.Web, Version=1.0.0.0, Culture=neutral, PublicKeyToken=null' or one of its dependencies. An attempt was made to load a program with an incorrect format. ---&gt; System.BadImageFormatException: Bad IL format.</Message>
          <StackTrace> 
 --- End of inner exception stack trace ---
    at System.Reflection.RuntimeAssembly.nLoadImage(Byte[] rawAssembly, Byte[] rawSymbolStore, Evidence evidence, StackCrawlMark&amp; stackMark, Boolean fIntrospection, SecurityContextSource securityContextSource)
   at System.Reflection.Assembly.Load(Byte[] rawAssembly)
   at ClickpointAuto.Web.Factories.GenerateOptionsMacroFactory.CreateOptionsMacro(ICarModel car) in C:\Dev\CodeSpace\CodeGeneration\ClickpointAuto.Web\Factories\GenerateOptionsMacroFactory.cs:line 58
   at ClickpointAuto.Test.GenerateOptionsMacroFactoryTest.CreateOptionsMacroTest() in C:\Dev\CodeSpace\CodeGeneration\ClickpointAuto.Test\GenerateOptionsMacroFactoryTest.cs:line 92
</StackTrace>
        </ErrorInfo>
      </Output>
    </UnitTestResult>
  </Results>
</TestRun>